{"uuid":"ca1358ea-109c-46dc-a05e-19fda6063e09","historyId":"78b859d0f5b2c5a37426dd76385d0d6f","fullName":"asia.decentralab.copin.test.SearchTest.tc004SearchInvalidTxHash","labels":[{"name":"package","value":"asia.decentralab.copin.test.SearchTest"},{"name":"testClass","value":"asia.decentralab.copin.test.SearchTest"},{"name":"testMethod","value":"tc004SearchInvalidTxHash"},{"name":"parentSuite","value":"Copin Smoke Test Suite"},{"name":"suite","value":"Chrome Tests"},{"name":"subSuite","value":"asia.decentralab.copin.test.SearchTest"},{"name":"host","value":"Hongs-Air"},{"name":"thread","value":"9018@Hongs-Air.main(1)"},{"name":"framework","value":"testng"},{"name":"language","value":"java"}],"links":[],"name":"Search inValid txHash","status":"broken","statusDetails":{"known":false,"muted":false,"flaky":false,"message":"Element not found: By.xpath: //header//div[contains(@class,'styled__SearchResult')]//div[contains(text(),'No Trader Found')]","trace":"java.lang.RuntimeException: Element not found: By.xpath: //header//div[contains(@class,'styled__SearchResult')]//div[contains(text(),'No Trader Found')]\n\tat asia.decentralab.copin.element.Element.findElement(Element.java:28)\n\tat asia.decentralab.copin.element.Element.isDisplayed(Element.java:66)\n\tat asia.decentralab.copin.pages.BasePage.isNoResultsMessageDisplayed(BasePage.java:76)\n\tat asia.decentralab.copin.test.SearchTest.tc004SearchInvalidTxHash(SearchTest.java:38)\n\tat java.base/jdk.internal.reflect.NativeMethodAccessorImpl.invoke0(Native Method)\n\tat java.base/jdk.internal.reflect.NativeMethodAccessorImpl.invoke(NativeMethodAccessorImpl.java:62)\n\tat java.base/jdk.internal.reflect.DelegatingMethodAccessorImpl.invoke(DelegatingMethodAccessorImpl.java:43)\n\tat java.base/java.lang.reflect.Method.invoke(Method.java:566)\n\tat org.testng.internal.invokers.MethodInvocationHelper.invokeMethod(MethodInvocationHelper.java:141)\n\tat org.testng.internal.invokers.TestInvoker.invokeMethod(TestInvoker.java:686)\n\tat org.testng.internal.invokers.TestInvoker.invokeTestMethod(TestInvoker.java:230)\n\tat org.testng.internal.invokers.MethodRunner.runInSequence(MethodRunner.java:63)\n\tat org.testng.internal.invokers.TestInvoker$MethodInvocationAgent.invoke(TestInvoker.java:992)\n\tat org.testng.internal.invokers.TestInvoker.invokeTestMethods(TestInvoker.java:203)\n\tat org.testng.internal.invokers.TestMethodWorker.invokeTestMethods(TestMethodWorker.java:154)\n\tat org.testng.internal.invokers.TestMethodWorker.run(TestMethodWorker.java:134)\n\tat java.base/java.util.ArrayList.forEach(ArrayList.java:1541)\n\tat org.testng.TestRunner.privateRun(TestRunner.java:739)\n\tat org.testng.TestRunner.run(TestRunner.java:614)\n\tat org.testng.SuiteRunner.runTest(SuiteRunner.java:421)\n\tat org.testng.SuiteRunner.runSequentially(SuiteRunner.java:413)\n\tat org.testng.SuiteRunner.privateRun(SuiteRunner.java:373)\n\tat org.testng.SuiteRunner.run(SuiteRunner.java:312)\n\tat org.testng.SuiteRunnerWorker.runSuite(SuiteRunnerWorker.java:52)\n\tat org.testng.SuiteRunnerWorker.run(SuiteRunnerWorker.java:95)\n\tat org.testng.TestNG.runSuitesSequentially(TestNG.java:1274)\n\tat org.testng.TestNG.runSuitesLocally(TestNG.java:1208)\n\tat org.testng.TestNG.runSuites(TestNG.java:1112)\n\tat org.testng.TestNG.run(TestNG.java:1079)\n\tat com.intellij.rt.testng.IDEARemoteTestNG.run(IDEARemoteTestNG.java:65)\n\tat com.intellij.rt.testng.RemoteTestNGStarter.main(RemoteTestNGStarter.java:105)\nCaused by: org.openqa.selenium.TimeoutException: Expected condition failed: waiting for element to be clickable: By.xpath: //header//div[contains(@class,'styled__SearchResult')]//div[contains(text(),'No Trader Found')] (tried for 60 second(s) with 500 milliseconds interval)\nBuild info: version: '4.21.0', revision: '79ed462ef4'\nSystem info: os.name: 'Mac OS X', os.arch: 'x86_64', os.version: '11.4', java.version: '11.0.11'\nDriver info: org.openqa.selenium.chrome.ChromeDriver\nCapabilities {acceptInsecureCerts: false, browserName: chrome, browserVersion: 126.0.6478.56, chrome: {chromedriverVersion: 126.0.6478.55 (7616ff175414..., userDataDir: /var/folders/q6/xypg_s2j3vj...}, fedcm:accounts: true, goog:chromeOptions: {debuggerAddress: localhost:54949}, networkConnectionEnabled: false, pageLoadStrategy: normal, platformName: mac, proxy: Proxy(), se:cdp: ws://localhost:54949/devtoo..., se:cdpVersion: 126.0.6478.56, setWindowRect: true, strictFileInteractability: false, timeouts: {implicit: 0, pageLoad: 300000, script: 30000}, unhandledPromptBehavior: dismiss and notify, webauthn:extension:credBlob: true, webauthn:extension:largeBlob: true, webauthn:extension:minPinLength: true, webauthn:extension:prf: true, webauthn:virtualAuthenticators: true}\nSession ID: 6780c802634bfd918b9dc0a214571ea8\n\tat org.openqa.selenium.support.ui.WebDriverWait.timeoutException(WebDriverWait.java:84)\n\tat org.openqa.selenium.support.ui.FluentWait.until(FluentWait.java:228)\n\tat asia.decentralab.copin.element.Element.findElement(Element.java:26)\n\t... 30 more\n"},"stage":"finished","steps":[],"attachments":[],"parameters":[{"name":"browser","value":"chrome"}],"start":1718247158384,"stop":1718247225970}